<?xml version="1.0" encoding="UTF-8"?>
<!-- Generated by org.testng.reporters.JUnitXMLReporter -->
<testsuite ignored="0" hostname="DESKTOP-E60Q4HE" failures="0" tests="4" name="Default test" time="22.564" errors="0" timestamp="2023-11-04T22:04:37 IST">
  <testcase classname="api.testcases.UserTest2" name="testCreateUser" time="12.186"/>
  <testcase classname="api.testcases.UserTest2" name="testGetUserData" time="1.249"/>
  <testcase classname="api.testcases.UserTest2" name="testUpdateUser" time="2.78"/>
  <testcase classname="api.testcases.UserTest2" name="testDeleteUser" time="1.345"/>
</testsuite> <!-- Default test -->
