<?xml version="1.0" encoding="UTF-8"?>
<!-- Generated by org.testng.reporters.JUnitXMLReporter -->
<testsuite ignored="0" hostname="DESKTOP-E60Q4HE" failures="0" tests="13" name="Test" time="43.261" errors="0" timestamp="2023-11-04T20:06:48 IST">
  <testcase classname="api.testcases.UserTest" name="testCreateUser" time="9.327"/>
  <testcase classname="api.testcases.UserTest" name="testGetUser" time="2.202"/>
  <testcase classname="api.testcases.UserTest" name="testUpdateUser" time="2.037"/>
  <testcase classname="api.testcases.UserTest" name="testDeleteUser" time="1.848"/>
  <testcase classname="api.testcases.UserTestDD" name="testCreateUser" time="1.536"/>
  <testcase classname="api.testcases.UserTestDD" name="testCreateUser" time="1.764"/>
  <testcase classname="api.testcases.UserTestDD" name="testCreateUser" time="1.613"/>
  <testcase classname="api.testcases.UserTestDD" name="testGetUserData" time="1.37"/>
  <testcase classname="api.testcases.UserTestDD" name="testGetUserData" time="1.834"/>
  <testcase classname="api.testcases.UserTestDD" name="testGetUserData" time="1.806"/>
  <testcase classname="api.testcases.UserTestDD" name="testDeleteUser" time="1.685"/>
  <testcase classname="api.testcases.UserTestDD" name="testDeleteUser" time="1.842"/>
  <testcase classname="api.testcases.UserTestDD" name="testDeleteUser" time="1.841"/>
</testsuite> <!-- Test -->
