<?xml version="1.0" encoding="UTF-8"?>
<!-- Generated by org.testng.reporters.JUnitXMLReporter -->
<testsuite ignored="0" hostname="DESKTOP-E60Q4HE" failures="0" tests="13" name="Test" time="35.109" errors="0" timestamp="2023-11-05T10:36:40 IST">
  <testcase classname="api.testcases.UserTest" name="testCreateUser" time="11.821"/>
  <testcase classname="api.testcases.UserTest" name="testGetUser" time="1.342"/>
  <testcase classname="api.testcases.UserTest" name="testUpdateUser" time="1.154"/>
  <testcase classname="api.testcases.UserTest" name="testDeleteUser" time="1.156"/>
  <testcase classname="api.testcases.UserTestDD" name="testCreateUser" time="1.281"/>
  <testcase classname="api.testcases.UserTestDD" name="testCreateUser" time="1.178"/>
  <testcase classname="api.testcases.UserTestDD" name="testCreateUser" time="1.201"/>
  <testcase classname="api.testcases.UserTestDD" name="testGetUserData" time="1.172"/>
  <testcase classname="api.testcases.UserTestDD" name="testGetUserData" time="1.115"/>
  <testcase classname="api.testcases.UserTestDD" name="testGetUserData" time="1.164"/>
  <testcase classname="api.testcases.UserTestDD" name="testDeleteUser" time="1.155"/>
  <testcase classname="api.testcases.UserTestDD" name="testDeleteUser" time="1.163"/>
  <testcase classname="api.testcases.UserTestDD" name="testDeleteUser" time="1.169"/>
</testsuite> <!-- Test -->
