<?xml version="1.0" encoding="UTF-8"?>
<testsuite xmlns:xsi="http://www.w3.org/2001/XMLSchema-instance" xsi:noNamespaceSchemaLocation="https://maven.apache.org/surefire/maven-surefire-plugin/xsd/surefire-test-report-3.0.xsd" version="3.0" name="TestSuite" time="39.898" tests="13" errors="0" skipped="0" failures="0">
  <properties>
[...]
</properties>
  <testcase name="testCreateUser" classname="api.testcases.UserTest" time="11.919">
    <system-out><![CDATA[On Start method invoked....
Name of test method started:testCreateUser
HTTP/1.1 200 OK
Date: Sun, 05 Nov 2023 05:06:19 GMT
Content-Type: application/json
Transfer-Encoding: chunked
Connection: keep-alive
Access-Control-Allow-Origin: *
Access-Control-Allow-Methods: GET, POST, DELETE, PUT
Access-Control-Allow-Headers: Content-Type, api_key, Authorization
Server: Jetty(9.2.9.v20150224)

{
    "code": 200,
    "type": "unknown",
    "message": "1896074070"
}
Name of test method sucessfully executed:testCreateUser
]]></system-out>
    <system-err><![CDATA[SLF4J: Failed to load class "org.slf4j.impl.StaticLoggerBinder".
SLF4J: Defaulting to no-operation (NOP) logger implementation
SLF4J: See http://www.slf4j.org/codes.html#StaticLoggerBinder for further details.
]]></system-err>
  </testcase>
  <testcase name="testGetUser" classname="api.testcases.UserTest" time="1.368">
    <system-out><![CDATA[Name of test method started:testGetUser
HTTP/1.1 200 OK
Date: Sun, 05 Nov 2023 05:06:20 GMT
Content-Type: application/json
Transfer-Encoding: chunked
Connection: keep-alive
Access-Control-Allow-Origin: *
Access-Control-Allow-Methods: GET, POST, DELETE, PUT
Access-Control-Allow-Headers: Content-Type, api_key, Authorization
Server: Jetty(9.2.9.v20150224)

{
    "id": 1896074070,
    "username": "harley.bode",
    "firstName": "Lupe",
    "lastName": "Batz",
    "email": "belle.bahringer@example.com",
    "password": "0eg1b",
    "phone": "(469) 216-6191",
    "userStatus": 0
}
Name of test method sucessfully executed:testGetUser
]]></system-out>
  </testcase>
  <testcase name="testUpdateUser" classname="api.testcases.UserTest" time="1.138">
    <system-out><![CDATA[Name of test method started:testUpdateUser
HTTP/1.1 200 OK
Date: Sun, 05 Nov 2023 05:06:21 GMT
Content-Type: application/json
Transfer-Encoding: chunked
Connection: keep-alive
Access-Control-Allow-Origin: *
Access-Control-Allow-Methods: GET, POST, DELETE, PUT
Access-Control-Allow-Headers: Content-Type, api_key, Authorization
Server: Jetty(9.2.9.v20150224)

{
    "code": 200,
    "type": "unknown",
    "message": "1896074070"
}
Name of test method sucessfully executed:testUpdateUser
]]></system-out>
  </testcase>
  <testcase name="testDeleteUser" classname="api.testcases.UserTest" time="1.146">
    <system-out><![CDATA[Name of test method started:testDeleteUser
HTTP/1.1 200 OK
Date: Sun, 05 Nov 2023 05:06:23 GMT
Content-Type: application/json
Transfer-Encoding: chunked
Connection: keep-alive
Access-Control-Allow-Origin: *
Access-Control-Allow-Methods: GET, POST, DELETE, PUT
Access-Control-Allow-Headers: Content-Type, api_key, Authorization
Server: Jetty(9.2.9.v20150224)

{
    "code": 200,
    "type": "unknown",
    "message": "harley.bode"
}
Name of test method sucessfully executed:testDeleteUser
]]></system-out>
  </testcase>
  <testcase name="testCreateUser[, user1, vikram, singh, a@gmail.com, 12345@1, ](1)" classname="api.testcases.UserTestDD" time="1.195">
    <system-out><![CDATA[[DEBUG] 2023-11-05 10:36:24.095 [main] PackageRelationshipCollection - Parsing relationship: /xl/_rels/workbook.xml.rels
[DEBUG] 2023-11-05 10:36:24.106 [main] PackageRelationshipCollection - Parsing relationship: /xl/worksheets/_rels/sheet1.xml.rels
[DEBUG] 2023-11-05 10:36:24.110 [main] PackageRelationshipCollection - Parsing relationship: /_rels/.rels
[DEBUG] 2023-11-05 10:36:25.424 [main] PackageRelationshipCollection - Parsing relationship: /xl/_rels/workbook.xml.rels
[DEBUG] 2023-11-05 10:36:25.429 [main] PackageRelationshipCollection - Parsing relationship: /xl/worksheets/_rels/sheet1.xml.rels
[DEBUG] 2023-11-05 10:36:25.445 [main] PackageRelationshipCollection - Parsing relationship: /_rels/.rels
[DEBUG] 2023-11-05 10:36:25.597 [main] PackageRelationshipCollection - Parsing relationship: /xl/_rels/workbook.xml.rels
[DEBUG] 2023-11-05 10:36:25.605 [main] PackageRelationshipCollection - Parsing relationship: /xl/worksheets/_rels/sheet1.xml.rels
[DEBUG] 2023-11-05 10:36:25.613 [main] PackageRelationshipCollection - Parsing relationship: /_rels/.rels
[DEBUG] 2023-11-05 10:36:25.802 [main] PackageRelationshipCollection - Parsing relationship: /xl/_rels/workbook.xml.rels
[DEBUG] 2023-11-05 10:36:25.806 [main] PackageRelationshipCollection - Parsing relationship: /xl/worksheets/_rels/sheet1.xml.rels
[DEBUG] 2023-11-05 10:36:25.821 [main] PackageRelationshipCollection - Parsing relationship: /_rels/.rels
[DEBUG] 2023-11-05 10:36:25.906 [main] PackageRelationshipCollection - Parsing relationship: /xl/_rels/workbook.xml.rels
[DEBUG] 2023-11-05 10:36:25.909 [main] PackageRelationshipCollection - Parsing relationship: /xl/worksheets/_rels/sheet1.xml.rels
[DEBUG] 2023-11-05 10:36:25.927 [main] PackageRelationshipCollection - Parsing relationship: /_rels/.rels
[DEBUG] 2023-11-05 10:36:26.030 [main] PackageRelationshipCollection - Parsing relationship: /xl/_rels/workbook.xml.rels
[DEBUG] 2023-11-05 10:36:26.054 [main] PackageRelationshipCollection - Parsing relationship: /xl/worksheets/_rels/sheet1.xml.rels
[DEBUG] 2023-11-05 10:36:26.065 [main] PackageRelationshipCollection - Parsing relationship: /_rels/.rels
[DEBUG] 2023-11-05 10:36:26.215 [main] PackageRelationshipCollection - Parsing relationship: /xl/_rels/workbook.xml.rels
[DEBUG] 2023-11-05 10:36:26.233 [main] PackageRelationshipCollection - Parsing relationship: /xl/worksheets/_rels/sheet1.xml.rels
[DEBUG] 2023-11-05 10:36:26.238 [main] PackageRelationshipCollection - Parsing relationship: /_rels/.rels
[DEBUG] 2023-11-05 10:36:26.326 [main] PackageRelationshipCollection - Parsing relationship: /xl/_rels/workbook.xml.rels
[DEBUG] 2023-11-05 10:36:26.331 [main] PackageRelationshipCollection - Parsing relationship: /xl/worksheets/_rels/sheet1.xml.rels
[DEBUG] 2023-11-05 10:36:26.333 [main] PackageRelationshipCollection - Parsing relationship: /_rels/.rels
[DEBUG] 2023-11-05 10:36:26.419 [main] PackageRelationshipCollection - Parsing relationship: /xl/_rels/workbook.xml.rels
[DEBUG] 2023-11-05 10:36:26.420 [main] PackageRelationshipCollection - Parsing relationship: /xl/worksheets/_rels/sheet1.xml.rels
[DEBUG] 2023-11-05 10:36:26.423 [main] PackageRelationshipCollection - Parsing relationship: /_rels/.rels
[DEBUG] 2023-11-05 10:36:26.560 [main] PackageRelationshipCollection - Parsing relationship: /xl/_rels/workbook.xml.rels
[DEBUG] 2023-11-05 10:36:26.562 [main] PackageRelationshipCollection - Parsing relationship: /xl/worksheets/_rels/sheet1.xml.rels
[DEBUG] 2023-11-05 10:36:26.564 [main] PackageRelationshipCollection - Parsing relationship: /_rels/.rels
[DEBUG] 2023-11-05 10:36:26.697 [main] PackageRelationshipCollection - Parsing relationship: /xl/_rels/workbook.xml.rels
[DEBUG] 2023-11-05 10:36:26.700 [main] PackageRelationshipCollection - Parsing relationship: /xl/worksheets/_rels/sheet1.xml.rels
[DEBUG] 2023-11-05 10:36:26.701 [main] PackageRelationshipCollection - Parsing relationship: /_rels/.rels
[DEBUG] 2023-11-05 10:36:26.809 [main] PackageRelationshipCollection - Parsing relationship: /xl/_rels/workbook.xml.rels
[DEBUG] 2023-11-05 10:36:26.810 [main] PackageRelationshipCollection - Parsing relationship: /xl/worksheets/_rels/sheet1.xml.rels
[DEBUG] 2023-11-05 10:36:26.814 [main] PackageRelationshipCollection - Parsing relationship: /_rels/.rels
[DEBUG] 2023-11-05 10:36:26.904 [main] PackageRelationshipCollection - Parsing relationship: /xl/_rels/workbook.xml.rels
[DEBUG] 2023-11-05 10:36:26.906 [main] PackageRelationshipCollection - Parsing relationship: /xl/worksheets/_rels/sheet1.xml.rels
[DEBUG] 2023-11-05 10:36:26.908 [main] PackageRelationshipCollection - Parsing relationship: /_rels/.rels
[DEBUG] 2023-11-05 10:36:26.988 [main] PackageRelationshipCollection - Parsing relationship: /xl/_rels/workbook.xml.rels
[DEBUG] 2023-11-05 10:36:26.992 [main] PackageRelationshipCollection - Parsing relationship: /xl/worksheets/_rels/sheet1.xml.rels
[DEBUG] 2023-11-05 10:36:26.995 [main] PackageRelationshipCollection - Parsing relationship: /_rels/.rels
[DEBUG] 2023-11-05 10:36:27.083 [main] PackageRelationshipCollection - Parsing relationship: /xl/_rels/workbook.xml.rels
[DEBUG] 2023-11-05 10:36:27.086 [main] PackageRelationshipCollection - Parsing relationship: /xl/worksheets/_rels/sheet1.xml.rels
[DEBUG] 2023-11-05 10:36:27.088 [main] PackageRelationshipCollection - Parsing relationship: /_rels/.rels
[DEBUG] 2023-11-05 10:36:27.188 [main] PackageRelationshipCollection - Parsing relationship: /xl/_rels/workbook.xml.rels
[DEBUG] 2023-11-05 10:36:27.192 [main] PackageRelationshipCollection - Parsing relationship: /xl/worksheets/_rels/sheet1.xml.rels
[DEBUG] 2023-11-05 10:36:27.194 [main] PackageRelationshipCollection - Parsing relationship: /_rels/.rels
[DEBUG] 2023-11-05 10:36:27.287 [main] PackageRelationshipCollection - Parsing relationship: /xl/_rels/workbook.xml.rels
[DEBUG] 2023-11-05 10:36:27.288 [main] PackageRelationshipCollection - Parsing relationship: /xl/worksheets/_rels/sheet1.xml.rels
[DEBUG] 2023-11-05 10:36:27.290 [main] PackageRelationshipCollection - Parsing relationship: /_rels/.rels
[DEBUG] 2023-11-05 10:36:27.368 [main] PackageRelationshipCollection - Parsing relationship: /xl/_rels/workbook.xml.rels
[DEBUG] 2023-11-05 10:36:27.370 [main] PackageRelationshipCollection - Parsing relationship: /xl/worksheets/_rels/sheet1.xml.rels
[DEBUG] 2023-11-05 10:36:27.371 [main] PackageRelationshipCollection - Parsing relationship: /_rels/.rels
[DEBUG] 2023-11-05 10:36:27.431 [main] PackageRelationshipCollection - Parsing relationship: /xl/_rels/workbook.xml.rels
[DEBUG] 2023-11-05 10:36:27.432 [main] PackageRelationshipCollection - Parsing relationship: /xl/worksheets/_rels/sheet1.xml.rels
[DEBUG] 2023-11-05 10:36:27.434 [main] PackageRelationshipCollection - Parsing relationship: /_rels/.rels
[DEBUG] 2023-11-05 10:36:27.488 [main] PackageRelationshipCollection - Parsing relationship: /xl/_rels/workbook.xml.rels
[DEBUG] 2023-11-05 10:36:27.489 [main] PackageRelationshipCollection - Parsing relationship: /xl/worksheets/_rels/sheet1.xml.rels
[DEBUG] 2023-11-05 10:36:27.493 [main] PackageRelationshipCollection - Parsing relationship: /_rels/.rels
[DEBUG] 2023-11-05 10:36:27.559 [main] PackageRelationshipCollection - Parsing relationship: /xl/_rels/workbook.xml.rels
[DEBUG] 2023-11-05 10:36:27.561 [main] PackageRelationshipCollection - Parsing relationship: /xl/worksheets/_rels/sheet1.xml.rels
[DEBUG] 2023-11-05 10:36:27.567 [main] PackageRelationshipCollection - Parsing relationship: /_rels/.rels
[DEBUG] 2023-11-05 10:36:27.631 [main] PackageRelationshipCollection - Parsing relationship: /xl/_rels/workbook.xml.rels
[DEBUG] 2023-11-05 10:36:27.633 [main] PackageRelationshipCollection - Parsing relationship: /xl/worksheets/_rels/sheet1.xml.rels
[DEBUG] 2023-11-05 10:36:27.634 [main] PackageRelationshipCollection - Parsing relationship: /_rels/.rels
[DEBUG] 2023-11-05 10:36:27.696 [main] PackageRelationshipCollection - Parsing relationship: /xl/_rels/workbook.xml.rels
[DEBUG] 2023-11-05 10:36:27.698 [main] PackageRelationshipCollection - Parsing relationship: /xl/worksheets/_rels/sheet1.xml.rels
[DEBUG] 2023-11-05 10:36:27.700 [main] PackageRelationshipCollection - Parsing relationship: /_rels/.rels
Name of test method started:testCreateUser
created users are:
HTTP/1.1 200 OK
Date: Sun, 05 Nov 2023 05:06:30 GMT
Content-Type: application/json
Transfer-Encoding: chunked
Connection: keep-alive
Access-Control-Allow-Origin: *
Access-Control-Allow-Methods: GET, POST, DELETE, PUT
Access-Control-Allow-Headers: Content-Type, api_key, Authorization
Server: Jetty(9.2.9.v20150224)

{
    "code": 200,
    "type": "unknown",
    "message": "9223372036854742787"
}
Name of test method sucessfully executed:testCreateUser
]]></system-out>
  </testcase>
  <testcase name="testCreateUser[, user2, Rohith, yadav, b@gmail.com, 12345@2, ](2)" classname="api.testcases.UserTestDD" time="1.136">
    <system-out><![CDATA[Name of test method started:testCreateUser
created users are:
HTTP/1.1 200 OK
Date: Sun, 05 Nov 2023 05:06:31 GMT
Content-Type: application/json
Transfer-Encoding: chunked
Connection: keep-alive
Access-Control-Allow-Origin: *
Access-Control-Allow-Methods: GET, POST, DELETE, PUT
Access-Control-Allow-Headers: Content-Type, api_key, Authorization
Server: Jetty(9.2.9.v20150224)

{
    "code": 200,
    "type": "unknown",
    "message": "9223372036854742788"
}
Name of test method sucessfully executed:testCreateUser
]]></system-out>
  </testcase>
  <testcase name="testCreateUser[, user3, Mohan, kumar, c@gmail.com, 12345@3, ](3)" classname="api.testcases.UserTestDD" time="1.537">
    <system-out><![CDATA[Name of test method started:testCreateUser
created users are:
HTTP/1.1 200 OK
Date: Sun, 05 Nov 2023 05:06:32 GMT
Content-Type: application/json
Transfer-Encoding: chunked
Connection: keep-alive
Access-Control-Allow-Origin: *
Access-Control-Allow-Methods: GET, POST, DELETE, PUT
Access-Control-Allow-Headers: Content-Type, api_key, Authorization
Server: Jetty(9.2.9.v20150224)

{
    "code": 200,
    "type": "unknown",
    "message": "9223372036854742789"
}
Name of test method sucessfully executed:testCreateUser
]]></system-out>
  </testcase>
  <testcase name="testGetUserData[user1](1)" classname="api.testcases.UserTestDD" time="1.099">
    <system-out><![CDATA[[DEBUG] 2023-11-05 10:36:31.449 [main] PackageRelationshipCollection - Parsing relationship: /xl/_rels/workbook.xml.rels
[DEBUG] 2023-11-05 10:36:31.450 [main] PackageRelationshipCollection - Parsing relationship: /xl/worksheets/_rels/sheet1.xml.rels
[DEBUG] 2023-11-05 10:36:31.452 [main] PackageRelationshipCollection - Parsing relationship: /_rels/.rels
[DEBUG] 2023-11-05 10:36:31.499 [main] PackageRelationshipCollection - Parsing relationship: /xl/_rels/workbook.xml.rels
[DEBUG] 2023-11-05 10:36:31.502 [main] PackageRelationshipCollection - Parsing relationship: /xl/worksheets/_rels/sheet1.xml.rels
[DEBUG] 2023-11-05 10:36:31.504 [main] PackageRelationshipCollection - Parsing relationship: /_rels/.rels
[DEBUG] 2023-11-05 10:36:31.564 [main] PackageRelationshipCollection - Parsing relationship: /xl/_rels/workbook.xml.rels
[DEBUG] 2023-11-05 10:36:31.567 [main] PackageRelationshipCollection - Parsing relationship: /xl/worksheets/_rels/sheet1.xml.rels
[DEBUG] 2023-11-05 10:36:31.593 [main] PackageRelationshipCollection - Parsing relationship: /_rels/.rels
[DEBUG] 2023-11-05 10:36:31.679 [main] PackageRelationshipCollection - Parsing relationship: /xl/_rels/workbook.xml.rels
[DEBUG] 2023-11-05 10:36:31.682 [main] PackageRelationshipCollection - Parsing relationship: /xl/worksheets/_rels/sheet1.xml.rels
[DEBUG] 2023-11-05 10:36:31.683 [main] PackageRelationshipCollection - Parsing relationship: /_rels/.rels
Name of test method started:testGetUserData
HTTP/1.1 200 OK
Date: Sun, 05 Nov 2023 05:06:33 GMT
Content-Type: application/json
Transfer-Encoding: chunked
Connection: keep-alive
Access-Control-Allow-Origin: *
Access-Control-Allow-Methods: GET, POST, DELETE, PUT
Access-Control-Allow-Headers: Content-Type, api_key, Authorization
Server: Jetty(9.2.9.v20150224)

{
    "id": 9223372036854742787,
    "username": "user1",
    "firstName": "vikram",
    "lastName": "singh",
    "email": "singh",
    "password": "a@gmail.com",
    "phone": "",
    "userStatus": 0
}
Name of test method sucessfully executed:testGetUserData
]]></system-out>
  </testcase>
  <testcase name="testGetUserData[user2](2)" classname="api.testcases.UserTestDD" time="1.129">
    <system-out><![CDATA[Name of test method started:testGetUserData
HTTP/1.1 200 OK
Date: Sun, 05 Nov 2023 05:06:35 GMT
Content-Type: application/json
Transfer-Encoding: chunked
Connection: keep-alive
Access-Control-Allow-Origin: *
Access-Control-Allow-Methods: GET, POST, DELETE, PUT
Access-Control-Allow-Headers: Content-Type, api_key, Authorization
Server: Jetty(9.2.9.v20150224)

{
    "id": 9223372036854742774,
    "username": "user2",
    "firstName": "Rohith",
    "lastName": "yadav",
    "email": "yadav",
    "password": "b@gmail.com",
    "phone": "",
    "userStatus": 0
}
Name of test method sucessfully executed:testGetUserData
]]></system-out>
  </testcase>
  <testcase name="testGetUserData[user3](3)" classname="api.testcases.UserTestDD" time="1.33">
    <system-out><![CDATA[Name of test method started:testGetUserData
HTTP/1.1 200 OK
Date: Sun, 05 Nov 2023 05:06:36 GMT
Content-Type: application/json
Transfer-Encoding: chunked
Connection: keep-alive
Access-Control-Allow-Origin: *
Access-Control-Allow-Methods: GET, POST, DELETE, PUT
Access-Control-Allow-Headers: Content-Type, api_key, Authorization
Server: Jetty(9.2.9.v20150224)

{
    "id": 9223372036854742789,
    "username": "user3",
    "firstName": "Mohan",
    "lastName": "kumar",
    "email": "kumar",
    "password": "c@gmail.com",
    "phone": "",
    "userStatus": 0
}
Name of test method sucessfully executed:testGetUserData
]]></system-out>
  </testcase>
  <testcase name="testDeleteUser[user1](1)" classname="api.testcases.UserTestDD" time="1.127">
    <system-out><![CDATA[[DEBUG] 2023-11-05 10:36:35.196 [main] PackageRelationshipCollection - Parsing relationship: /xl/_rels/workbook.xml.rels
[DEBUG] 2023-11-05 10:36:35.198 [main] PackageRelationshipCollection - Parsing relationship: /xl/worksheets/_rels/sheet1.xml.rels
[DEBUG] 2023-11-05 10:36:35.200 [main] PackageRelationshipCollection - Parsing relationship: /_rels/.rels
[DEBUG] 2023-11-05 10:36:35.244 [main] PackageRelationshipCollection - Parsing relationship: /xl/_rels/workbook.xml.rels
[DEBUG] 2023-11-05 10:36:35.248 [main] PackageRelationshipCollection - Parsing relationship: /xl/worksheets/_rels/sheet1.xml.rels
[DEBUG] 2023-11-05 10:36:35.249 [main] PackageRelationshipCollection - Parsing relationship: /_rels/.rels
[DEBUG] 2023-11-05 10:36:35.286 [main] PackageRelationshipCollection - Parsing relationship: /xl/_rels/workbook.xml.rels
[DEBUG] 2023-11-05 10:36:35.288 [main] PackageRelationshipCollection - Parsing relationship: /xl/worksheets/_rels/sheet1.xml.rels
[DEBUG] 2023-11-05 10:36:35.290 [main] PackageRelationshipCollection - Parsing relationship: /_rels/.rels
[DEBUG] 2023-11-05 10:36:35.326 [main] PackageRelationshipCollection - Parsing relationship: /xl/_rels/workbook.xml.rels
[DEBUG] 2023-11-05 10:36:35.329 [main] PackageRelationshipCollection - Parsing relationship: /xl/worksheets/_rels/sheet1.xml.rels
[DEBUG] 2023-11-05 10:36:35.330 [main] PackageRelationshipCollection - Parsing relationship: /_rels/.rels
Name of test method started:testDeleteUser
Delete User Data.
HTTP/1.1 200 OK
Date: Sun, 05 Nov 2023 05:06:37 GMT
Content-Type: application/json
Transfer-Encoding: chunked
Connection: keep-alive
Access-Control-Allow-Origin: *
Access-Control-Allow-Methods: GET, POST, DELETE, PUT
Access-Control-Allow-Headers: Content-Type, api_key, Authorization
Server: Jetty(9.2.9.v20150224)

{
    "code": 200,
    "type": "unknown",
    "message": "user1"
}
Name of test method sucessfully executed:testDeleteUser
]]></system-out>
  </testcase>
  <testcase name="testDeleteUser[user2](2)" classname="api.testcases.UserTestDD" time="1.162">
    <system-out><![CDATA[Name of test method started:testDeleteUser
Delete User Data.
HTTP/1.1 200 OK
Date: Sun, 05 Nov 2023 05:06:38 GMT
Content-Type: application/json
Transfer-Encoding: chunked
Connection: keep-alive
Access-Control-Allow-Origin: *
Access-Control-Allow-Methods: GET, POST, DELETE, PUT
Access-Control-Allow-Headers: Content-Type, api_key, Authorization
Server: Jetty(9.2.9.v20150224)

{
    "code": 200,
    "type": "unknown",
    "message": "user2"
}
Name of test method sucessfully executed:testDeleteUser
]]></system-out>
  </testcase>
  <testcase name="testDeleteUser[user3](3)" classname="api.testcases.UserTestDD" time="1.186">
    <system-out><![CDATA[Name of test method started:testDeleteUser
Delete User Data.
HTTP/1.1 200 OK
Date: Sun, 05 Nov 2023 05:06:39 GMT
Content-Type: application/json
Transfer-Encoding: chunked
Connection: keep-alive
Access-Control-Allow-Origin: *
Access-Control-Allow-Methods: GET, POST, DELETE, PUT
Access-Control-Allow-Headers: Content-Type, api_key, Authorization
Server: Jetty(9.2.9.v20150224)

{
    "code": 200,
    "type": "unknown",
    "message": "user3"
}
Name of test method sucessfully executed:testDeleteUser
]]></system-out>
  </testcase>
</testsuite>